app/build/intermediates/manifest_merge_blame_file/debug/manifest-merger-blame-debug-report.txt
1<?xml version="1.0" encoding="utf-8"?>
2<manifest xmlns:android="http://schemas.android.com/apk/res/android"
3    package="com.pacman.MentAlly"
4    android:versionCode="1"
5    android:versionName="1.0" >
6
7    <uses-sdk
8        android:minSdkVersion="31"
9        android:targetSdkVersion="34" />
10
11    <uses-feature
11-->src\main\AndroidManifest.xml:5:5-7:36
12        android:name="android.hardware.camera"
12-->src\main\AndroidManifest.xml:6:9-47
13        android:required="false" />
13-->src\main\AndroidManifest.xml:7:9-33
14    <uses-feature
14-->src\main\AndroidManifest.xml:8:5-10:36
15        android:name="android.hardware.telephony"
15-->src\main\AndroidManifest.xml:9:9-50
16        android:required="false" />
16-->src\main\AndroidManifest.xml:10:9-33
17
18    <uses-permission android:name="android.permission.CAMERA" />
18-->src\main\AndroidManifest.xml:12:5-65
18-->src\main\AndroidManifest.xml:12:22-62
19    <uses-permission android:name="android.permission.INTERNET" />
19-->src\main\AndroidManifest.xml:13:5-67
19-->src\main\AndroidManifest.xml:13:22-64
20    <uses-permission android:name="android.permission.CALL_PHONE" /> <!-- <uses-permission android:name="android.permission.CALL_PRIVILEGED"/> -->
20-->src\main\AndroidManifest.xml:14:5-69
20-->src\main\AndroidManifest.xml:14:22-66
21    <uses-permission android:name="android.permission.SEND_SMS" />
21-->src\main\AndroidManifest.xml:15:5-67
21-->src\main\AndroidManifest.xml:15:22-64
22    <uses-permission android:name="android.permission.ACCESS_NETWORK_STATE" />
22-->[com.firebaseui:firebase-ui-auth:3.0.0] AndroidManifest.xml:12:5-79
22-->[com.firebaseui:firebase-ui-auth:3.0.0] AndroidManifest.xml:12:22-76
23    <uses-permission android:name="android.permission.WAKE_LOCK" />
23-->[com.google.android.gms:play-services-measurement-api:21.5.1] AndroidManifest.xml:24:5-68
23-->[com.google.android.gms:play-services-measurement-api:21.5.1] AndroidManifest.xml:24:22-65
24    <uses-permission android:name="com.google.android.gms.permission.AD_ID" />
24-->[com.google.android.gms:play-services-measurement-api:21.5.1] AndroidManifest.xml:25:5-79
24-->[com.google.android.gms:play-services-measurement-api:21.5.1] AndroidManifest.xml:25:22-76
25    <uses-permission android:name="android.permission.ACCESS_ADSERVICES_ATTRIBUTION" />
25-->[com.google.android.gms:play-services-measurement-api:21.5.1] AndroidManifest.xml:26:5-88
25-->[com.google.android.gms:play-services-measurement-api:21.5.1] AndroidManifest.xml:26:22-85
26    <uses-permission android:name="android.permission.ACCESS_ADSERVICES_AD_ID" />
26-->[com.google.android.gms:play-services-measurement-api:21.5.1] AndroidManifest.xml:27:5-82
26-->[com.google.android.gms:play-services-measurement-api:21.5.1] AndroidManifest.xml:27:22-79
27    <uses-permission android:name="com.google.android.providers.gsf.permission.READ_GSERVICES" />
27-->[com.google.android.recaptcha:recaptcha:18.4.0] AndroidManifest.xml:9:5-98
27-->[com.google.android.recaptcha:recaptcha:18.4.0] AndroidManifest.xml:9:22-95
28    <uses-permission android:name="com.google.android.finsky.permission.BIND_GET_INSTALL_REFERRER_SERVICE" />
28-->[com.google.android.gms:play-services-measurement:21.5.1] AndroidManifest.xml:26:5-110
28-->[com.google.android.gms:play-services-measurement:21.5.1] AndroidManifest.xml:26:22-107
29
30    <permission
30-->[androidx.core:core:1.9.0] AndroidManifest.xml:22:5-24:47
31        android:name="com.pacman.MentAlly.DYNAMIC_RECEIVER_NOT_EXPORTED_PERMISSION"
31-->[androidx.core:core:1.9.0] AndroidManifest.xml:23:9-81
32        android:protectionLevel="signature" />
32-->[androidx.core:core:1.9.0] AndroidManifest.xml:24:9-44
33
34    <uses-permission android:name="com.pacman.MentAlly.DYNAMIC_RECEIVER_NOT_EXPORTED_PERMISSION" />
34-->[androidx.core:core:1.9.0] AndroidManifest.xml:26:5-97
34-->[androidx.core:core:1.9.0] AndroidManifest.xml:26:22-94
35
36    <application
36-->src\main\AndroidManifest.xml:17:5-81:19
37        android:allowBackup="true"
37-->src\main\AndroidManifest.xml:18:9-35
38        android:appComponentFactory="androidx.core.app.CoreComponentFactory"
38-->[androidx.core:core:1.9.0] AndroidManifest.xml:28:18-86
39        android:debuggable="true"
40        android:extractNativeLibs="false"
41        android:icon="@mipmap/ic_launcher_logo"
41-->src\main\AndroidManifest.xml:19:9-48
42        android:label="@string/app_name"
42-->src\main\AndroidManifest.xml:20:9-41
43        android:roundIcon="@mipmap/ic_launcher_logo"
43-->src\main\AndroidManifest.xml:21:9-53
44        android:supportsRtl="true"
44-->src\main\AndroidManifest.xml:22:9-35
45        android:theme="@style/AppTheme" >
45-->src\main\AndroidManifest.xml:23:9-40
46        <uses-library
46-->src\main\AndroidManifest.xml:25:9-88
47            android:name="org.apache.http.legacy"
47-->src\main\AndroidManifest.xml:25:23-60
48            android:required="false" />
48-->src\main\AndroidManifest.xml:25:61-85
49
50        <activity
50-->src\main\AndroidManifest.xml:27:9-30:49
51            android:name="com.example.companion.ui.camera.CameraActivity"
51-->src\main\AndroidManifest.xml:28:13-53
52            android:exported="false"
52-->src\main\AndroidManifest.xml:29:13-37
53            android:grantUriPermissions="true" />
53-->src\main\AndroidManifest.xml:30:13-47
54        <activity android:name="com.example.companion.ui.camera.ResultActivity" />
54-->src\main\AndroidManifest.xml:31:9-62
54-->src\main\AndroidManifest.xml:31:19-59
55
56        <!-- Main Splash Page -->
57        <activity
57-->src\main\AndroidManifest.xml:34:9-41:20
58            android:name="com.example.companion.ui.splash.SplashActivity"
58-->src\main\AndroidManifest.xml:34:19-59
59            android:exported="true" >
59-->src\main\AndroidManifest.xml:35:13-36
60            <intent-filter>
60-->src\main\AndroidManifest.xml:36:13-40:29
61                <action android:name="android.intent.action.MAIN" />
61-->src\main\AndroidManifest.xml:37:17-69
61-->src\main\AndroidManifest.xml:37:25-66
62
63                <category android:name="android.intent.category.LAUNCHER" />
63-->src\main\AndroidManifest.xml:39:17-77
63-->src\main\AndroidManifest.xml:39:27-74
64            </intent-filter>
65        </activity> <!-- Login Page -->
66        <activity android:name="com.example.companion.ui.login.LoginActivity" /> <!-- Registration Page -->
66-->src\main\AndroidManifest.xml:42:9-60
66-->src\main\AndroidManifest.xml:42:19-57
67        <activity
67-->src\main\AndroidManifest.xml:43:9-45:48
68            android:name="com.example.companion.ui.register.RegisterActivity"
68-->src\main\AndroidManifest.xml:44:13-57
69            android:label="@string/app_name" /> <!-- Main Page -->
69-->src\main\AndroidManifest.xml:45:13-45
70        <activity android:name="com.example.companion.ui.home.MainActivity" /> <!-- Profile Page -->
70-->src\main\AndroidManifest.xml:46:9-58
70-->src\main\AndroidManifest.xml:46:19-55
71        <activity android:name="com.example.companion.ui.profile.ProfileActivity" /> <!-- Todo List -->
71-->src\main\AndroidManifest.xml:47:9-64
71-->src\main\AndroidManifest.xml:47:19-61
72
73        <activity android:name="com.example.companion.ui.anxiety.anxietyActivity" />
73-->src\main\AndroidManifest.xml:49:9-64
73-->src\main\AndroidManifest.xml:49:19-61
74        <activity android:name="com.example.companion.ui.anxiety.anxietyResultActivity" /> <!-- Bipolar Questionnaire -->
74-->src\main\AndroidManifest.xml:50:9-70
74-->src\main\AndroidManifest.xml:50:19-67
75
76        <activity android:name="com.example.companion.ui.depression.depressionActivity" />
76-->src\main\AndroidManifest.xml:52:9-70
76-->src\main\AndroidManifest.xml:52:19-67
77        <activity android:name="com.example.companion.ui.depression.depressionResultActivity" /> <!-- &lt;!&ndash; OCD Questionnaire &ndash;&gt; -->
77-->src\main\AndroidManifest.xml:53:9-76
77-->src\main\AndroidManifest.xml:53:19-73
78
79        <activity android:name="com.example.companion.ui.ptsd.ptsd" />
79-->src\main\AndroidManifest.xml:55:9-50
79-->src\main\AndroidManifest.xml:55:19-47
80        <activity android:name="com.example.companion.ui.ptsd.ptsdActivity" />
80-->src\main\AndroidManifest.xml:56:9-58
80-->src\main\AndroidManifest.xml:56:19-55
81        <activity android:name="com.example.companion.ui.ptsd.ptsdResultActivity" /> <!-- Mood Page -->
81-->src\main\AndroidManifest.xml:57:9-64
81-->src\main\AndroidManifest.xml:57:19-61
82        <activity android:name="com.example.companion.ui.Mood.MoodActivity" />
82-->src\main\AndroidManifest.xml:58:9-58
82-->src\main\AndroidManifest.xml:58:19-55
83        <activity android:name="com.example.companion.ui.Mood.AddMoodActivity" /> <!-- Habit Page -->
83-->src\main\AndroidManifest.xml:59:9-61
83-->src\main\AndroidManifest.xml:59:19-58
84
85        <activity
85-->src\main\AndroidManifest.xml:61:9-63:48
86            android:name="com.example.companion.ui.breathing.BreathingActivity"
86-->src\main\AndroidManifest.xml:62:13-59
87            android:label="@string/app_name" />
87-->src\main\AndroidManifest.xml:63:13-45
88        <activity
88-->src\main\AndroidManifest.xml:64:9-66:48
89            android:name="com.example.companion.ui.breathing.BreathingExerciseActivity"
89-->src\main\AndroidManifest.xml:65:13-67
90            android:label="@string/app_name" /> <!-- Ambient Noise Player -->
90-->src\main\AndroidManifest.xml:66:13-45
91        <activity android:name="com.example.companion.ui.ambient.AmbientActivity" />
91-->src\main\AndroidManifest.xml:67:9-64
91-->src\main\AndroidManifest.xml:67:19-61
92
93        <service
93-->src\main\AndroidManifest.xml:69:9-74:19
94            android:name="com.example.companion.ui.ambient.MediaPlaybackService"
94-->src\main\AndroidManifest.xml:69:18-65
95            android:exported="true" >
95-->src\main\AndroidManifest.xml:70:13-36
96            <intent-filter>
96-->src\main\AndroidManifest.xml:71:13-73:29
97                <action android:name="android.media.browse.MediaBrowserService" />
97-->src\main\AndroidManifest.xml:72:17-83
97-->src\main\AndroidManifest.xml:72:25-80
98            </intent-filter>
99        </service>
100
101        <activity android:name="com.example.companion.ui.home.HomeActivity" />
101-->src\main\AndroidManifest.xml:75:9-58
101-->src\main\AndroidManifest.xml:75:19-55
102        <activity android:name="com.example.companion.ui.quiz.QuizActivity" />
102-->src\main\AndroidManifest.xml:76:9-58
102-->src\main\AndroidManifest.xml:76:19-55
103
104        <meta-data
104-->src\main\AndroidManifest.xml:78:9-80:57
105            android:name="preloaded_fonts"
105-->src\main\AndroidManifest.xml:79:13-43
106            android:resource="@array/preloaded_fonts" />
106-->src\main\AndroidManifest.xml:80:13-54
107        <meta-data
107-->[com.firebaseui:firebase-ui-auth:3.0.0] AndroidManifest.xml:16:9-18:69
108            android:name="com.google.android.gms.version"
108-->[com.firebaseui:firebase-ui-auth:3.0.0] AndroidManifest.xml:17:13-58
109            android:value="@integer/google_play_services_version" />
109-->[com.firebaseui:firebase-ui-auth:3.0.0] AndroidManifest.xml:18:13-66
110        <meta-data
110-->[com.firebaseui:firebase-ui-auth:3.0.0] AndroidManifest.xml:19:9-21:63
111            android:name="com.facebook.sdk.ApplicationId"
111-->[com.firebaseui:firebase-ui-auth:3.0.0] AndroidManifest.xml:20:13-58
112            android:value="@string/facebook_application_id" />
112-->[com.firebaseui:firebase-ui-auth:3.0.0] AndroidManifest.xml:21:13-60
113        <meta-data
113-->[com.firebaseui:firebase-ui-auth:3.0.0] AndroidManifest.xml:22:9-24:36
114            android:name="com.facebook.sdk.AutoLogAppEventsEnabled"
114-->[com.firebaseui:firebase-ui-auth:3.0.0] AndroidManifest.xml:23:13-68
115            android:value="true" />
115-->[com.firebaseui:firebase-ui-auth:3.0.0] AndroidManifest.xml:24:13-33
116
117        <activity
117-->[com.firebaseui:firebase-ui-auth:3.0.0] AndroidManifest.xml:26:9-30:61
118            android:name="com.firebase.ui.auth.KickoffActivity"
118-->[com.firebaseui:firebase-ui-auth:3.0.0] AndroidManifest.xml:27:13-64
119            android:exported="false"
119-->[com.firebaseui:firebase-ui-auth:3.0.0] AndroidManifest.xml:28:13-37
120            android:label=""
120-->[com.firebaseui:firebase-ui-auth:3.0.0] AndroidManifest.xml:29:13-29
121            android:theme="@style/FirebaseUI.Transparent" />
121-->[com.firebaseui:firebase-ui-auth:3.0.0] AndroidManifest.xml:30:13-58
122        <activity
122-->[com.firebaseui:firebase-ui-auth:3.0.0] AndroidManifest.xml:31:9-34:75
123            android:name="com.firebase.ui.auth.ui.email.RecoverPasswordActivity"
123-->[com.firebaseui:firebase-ui-auth:3.0.0] AndroidManifest.xml:32:13-81
124            android:exported="false"
124-->[com.firebaseui:firebase-ui-auth:3.0.0] AndroidManifest.xml:33:13-37
125            android:label="@string/fui_title_recover_password_activity" />
125-->[com.firebaseui:firebase-ui-auth:3.0.0] AndroidManifest.xml:34:13-72
126        <activity
126-->[com.firebaseui:firebase-ui-auth:3.0.0] AndroidManifest.xml:35:9-38:59
127            android:name="com.firebase.ui.auth.ui.email.RegisterEmailActivity"
127-->[com.firebaseui:firebase-ui-auth:3.0.0] AndroidManifest.xml:36:13-79
128            android:exported="false"
128-->[com.firebaseui:firebase-ui-auth:3.0.0] AndroidManifest.xml:37:13-37
129            android:label="@string/fui_sign_in_default" />
129-->[com.firebaseui:firebase-ui-auth:3.0.0] AndroidManifest.xml:38:13-56
130        <activity
130-->[com.firebaseui:firebase-ui-auth:3.0.0] AndroidManifest.xml:39:9-43:64
131            android:name="com.firebase.ui.auth.ui.phone.PhoneVerificationActivity"
131-->[com.firebaseui:firebase-ui-auth:3.0.0] AndroidManifest.xml:40:13-83
132            android:exported="false"
132-->[com.firebaseui:firebase-ui-auth:3.0.0] AndroidManifest.xml:41:13-37
133            android:label="@string/fui_sign_in_with_phone_number"
133-->[com.firebaseui:firebase-ui-auth:3.0.0] AndroidManifest.xml:42:13-66
134            android:windowSoftInputMode="stateAlwaysVisible" />
134-->[com.firebaseui:firebase-ui-auth:3.0.0] AndroidManifest.xml:43:13-61
135        <activity
135-->[com.firebaseui:firebase-ui-auth:3.0.0] AndroidManifest.xml:44:9-47:73
136            android:name="com.firebase.ui.auth.ui.accountlink.WelcomeBackIdpPrompt"
136-->[com.firebaseui:firebase-ui-auth:3.0.0] AndroidManifest.xml:45:13-84
137            android:exported="false"
137-->[com.firebaseui:firebase-ui-auth:3.0.0] AndroidManifest.xml:46:13-37
138            android:label="@string/fui_title_welcome_back_idp_prompt" />
138-->[com.firebaseui:firebase-ui-auth:3.0.0] AndroidManifest.xml:47:13-70
139        <activity
139-->[com.firebaseui:firebase-ui-auth:3.0.0] AndroidManifest.xml:48:9-51:78
140            android:name="com.firebase.ui.auth.ui.accountlink.WelcomeBackPasswordPrompt"
140-->[com.firebaseui:firebase-ui-auth:3.0.0] AndroidManifest.xml:49:13-89
141            android:exported="false"
141-->[com.firebaseui:firebase-ui-auth:3.0.0] AndroidManifest.xml:50:13-37
142            android:label="@string/fui_title_welcome_back_password_prompt" />
142-->[com.firebaseui:firebase-ui-auth:3.0.0] AndroidManifest.xml:51:13-75
143        <activity
143-->[com.firebaseui:firebase-ui-auth:3.0.0] AndroidManifest.xml:52:9-55:65
144            android:name="com.firebase.ui.auth.ui.idp.AuthMethodPickerActivity"
144-->[com.firebaseui:firebase-ui-auth:3.0.0] AndroidManifest.xml:53:13-80
145            android:exported="false"
145-->[com.firebaseui:firebase-ui-auth:3.0.0] AndroidManifest.xml:54:13-37
146            android:label="@string/fui_default_toolbar_title" />
146-->[com.firebaseui:firebase-ui-auth:3.0.0] AndroidManifest.xml:55:13-62
147        <activity
147-->[com.firebaseui:firebase-ui-auth:3.0.0] AndroidManifest.xml:56:9-60:48
148            android:name="com.facebook.FacebookActivity"
148-->[com.firebaseui:firebase-ui-auth:3.0.0] AndroidManifest.xml:57:13-57
149            android:configChanges="keyboard|keyboardHidden|screenLayout|screenSize|orientation"
149-->[com.firebaseui:firebase-ui-auth:3.0.0] AndroidManifest.xml:58:13-96
150            android:label="@string/app_name" />
150-->[com.firebaseui:firebase-ui-auth:3.0.0] AndroidManifest.xml:59:13-45
151        <activity
151-->[com.firebaseui:firebase-ui-auth:3.0.0] AndroidManifest.xml:61:9-73:20
152            android:name="com.facebook.CustomTabActivity"
152-->[com.firebaseui:firebase-ui-auth:3.0.0] AndroidManifest.xml:62:13-58
153            android:exported="true" >
153-->[com.firebaseui:firebase-ui-auth:3.0.0] AndroidManifest.xml:63:13-36
154            <intent-filter>
154-->[com.firebaseui:firebase-ui-auth:3.0.0] AndroidManifest.xml:65:13-72:29
155                <action android:name="android.intent.action.VIEW" />
155-->[com.firebaseui:firebase-ui-auth:3.0.0] AndroidManifest.xml:66:17-69
155-->[com.firebaseui:firebase-ui-auth:3.0.0] AndroidManifest.xml:66:25-66
156
157                <category android:name="android.intent.category.DEFAULT" />
157-->[com.firebaseui:firebase-ui-auth:3.0.0] AndroidManifest.xml:68:17-76
157-->[com.firebaseui:firebase-ui-auth:3.0.0] AndroidManifest.xml:68:27-73
158                <category android:name="android.intent.category.BROWSABLE" />
158-->[com.firebaseui:firebase-ui-auth:3.0.0] AndroidManifest.xml:69:17-78
158-->[com.firebaseui:firebase-ui-auth:3.0.0] AndroidManifest.xml:69:27-75
159
160                <data android:scheme="@string/facebook_login_protocol_scheme" />
160-->[com.firebaseui:firebase-ui-auth:3.0.0] AndroidManifest.xml:71:17-81
160-->[com.firebaseui:firebase-ui-auth:3.0.0] AndroidManifest.xml:71:23-78
161            </intent-filter>
162        </activity>
163
164        <service
164-->[com.google.firebase:firebase-storage:20.3.0] AndroidManifest.xml:27:9-36:19
165            android:name="com.google.firebase.components.ComponentDiscoveryService"
165-->[com.google.firebase:firebase-storage:20.3.0] AndroidManifest.xml:28:13-84
166            android:directBootAware="true"
166-->[com.google.firebase:firebase-common:20.4.2] AndroidManifest.xml:32:13-43
167            android:exported="false" >
167-->[com.google.firebase:firebase-storage:20.3.0] AndroidManifest.xml:29:13-37
168            <meta-data
168-->[com.google.firebase:firebase-storage:20.3.0] AndroidManifest.xml:30:13-32:85
169                android:name="com.google.firebase.components:com.google.firebase.storage.FirebaseStorageKtxRegistrar"
169-->[com.google.firebase:firebase-storage:20.3.0] AndroidManifest.xml:31:17-118
170                android:value="com.google.firebase.components.ComponentRegistrar" />
170-->[com.google.firebase:firebase-storage:20.3.0] AndroidManifest.xml:32:17-82
171            <meta-data
171-->[com.google.firebase:firebase-storage:20.3.0] AndroidManifest.xml:33:13-35:85
172                android:name="com.google.firebase.components:com.google.firebase.storage.StorageRegistrar"
172-->[com.google.firebase:firebase-storage:20.3.0] AndroidManifest.xml:34:17-107
173                android:value="com.google.firebase.components.ComponentRegistrar" />
173-->[com.google.firebase:firebase-storage:20.3.0] AndroidManifest.xml:35:17-82
174            <meta-data
174-->[com.google.firebase:firebase-database:20.3.0] AndroidManifest.xml:29:13-31:85
175                android:name="com.google.firebase.components:com.google.firebase.database.FirebaseDatabaseKtxRegistrar"
175-->[com.google.firebase:firebase-database:20.3.0] AndroidManifest.xml:30:17-120
176                android:value="com.google.firebase.components.ComponentRegistrar" />
176-->[com.google.firebase:firebase-database:20.3.0] AndroidManifest.xml:31:17-82
177            <meta-data
177-->[com.google.firebase:firebase-database:20.3.0] AndroidManifest.xml:32:13-34:85
178                android:name="com.google.firebase.components:com.google.firebase.database.DatabaseRegistrar"
178-->[com.google.firebase:firebase-database:20.3.0] AndroidManifest.xml:33:17-109
179                android:value="com.google.firebase.components.ComponentRegistrar" />
179-->[com.google.firebase:firebase-database:20.3.0] AndroidManifest.xml:34:17-82
180            <meta-data
180-->[com.google.firebase:firebase-firestore:24.10.2] AndroidManifest.xml:17:13-19:85
181                android:name="com.google.firebase.components:com.google.firebase.firestore.FirebaseFirestoreKtxRegistrar"
181-->[com.google.firebase:firebase-firestore:24.10.2] AndroidManifest.xml:18:17-122
182                android:value="com.google.firebase.components.ComponentRegistrar" />
182-->[com.google.firebase:firebase-firestore:24.10.2] AndroidManifest.xml:19:17-82
183            <meta-data
183-->[com.google.firebase:firebase-firestore:24.10.2] AndroidManifest.xml:20:13-22:85
184                android:name="com.google.firebase.components:com.google.firebase.firestore.FirestoreRegistrar"
184-->[com.google.firebase:firebase-firestore:24.10.2] AndroidManifest.xml:21:17-111
185                android:value="com.google.firebase.components.ComponentRegistrar" />
185-->[com.google.firebase:firebase-firestore:24.10.2] AndroidManifest.xml:22:17-82
186            <meta-data
186-->[com.google.firebase:firebase-auth:22.3.1] AndroidManifest.xml:69:13-71:85
187                android:name="com.google.firebase.components:com.google.firebase.auth.FirebaseAuthRegistrar"
187-->[com.google.firebase:firebase-auth:22.3.1] AndroidManifest.xml:70:17-109
188                android:value="com.google.firebase.components.ComponentRegistrar" />
188-->[com.google.firebase:firebase-auth:22.3.1] AndroidManifest.xml:71:17-82
189            <meta-data
189-->[com.google.firebase:firebase-appcheck:17.1.0] AndroidManifest.xml:25:13-27:85
190                android:name="com.google.firebase.components:com.google.firebase.appcheck.FirebaseAppCheckKtxRegistrar"
190-->[com.google.firebase:firebase-appcheck:17.1.0] AndroidManifest.xml:26:17-120
191                android:value="com.google.firebase.components.ComponentRegistrar" />
191-->[com.google.firebase:firebase-appcheck:17.1.0] AndroidManifest.xml:27:17-82
192            <meta-data
192-->[com.google.firebase:firebase-appcheck:17.1.0] AndroidManifest.xml:28:13-30:85
193                android:name="com.google.firebase.components:com.google.firebase.appcheck.FirebaseAppCheckRegistrar"
193-->[com.google.firebase:firebase-appcheck:17.1.0] AndroidManifest.xml:29:17-117
194                android:value="com.google.firebase.components.ComponentRegistrar" />
194-->[com.google.firebase:firebase-appcheck:17.1.0] AndroidManifest.xml:30:17-82
195            <meta-data
195-->[com.google.android.gms:play-services-measurement-api:21.5.1] AndroidManifest.xml:37:13-39:85
196                android:name="com.google.firebase.components:com.google.firebase.analytics.connector.internal.AnalyticsConnectorRegistrar"
196-->[com.google.android.gms:play-services-measurement-api:21.5.1] AndroidManifest.xml:38:17-139
197                android:value="com.google.firebase.components.ComponentRegistrar" />
197-->[com.google.android.gms:play-services-measurement-api:21.5.1] AndroidManifest.xml:39:17-82
198            <meta-data
198-->[com.google.firebase:firebase-common-ktx:20.4.2] AndroidManifest.xml:12:13-14:85
199                android:name="com.google.firebase.components:com.google.firebase.ktx.FirebaseCommonLegacyRegistrar"
199-->[com.google.firebase:firebase-common-ktx:20.4.2] AndroidManifest.xml:13:17-116
200                android:value="com.google.firebase.components.ComponentRegistrar" />
200-->[com.google.firebase:firebase-common-ktx:20.4.2] AndroidManifest.xml:14:17-82
201            <meta-data
201-->[com.google.firebase:firebase-installations:17.0.1] AndroidManifest.xml:18:13-20:85
202                android:name="com.google.firebase.components:com.google.firebase.installations.FirebaseInstallationsRegistrar"
202-->[com.google.firebase:firebase-installations:17.0.1] AndroidManifest.xml:19:17-127
203                android:value="com.google.firebase.components.ComponentRegistrar" />
203-->[com.google.firebase:firebase-installations:17.0.1] AndroidManifest.xml:20:17-82
204            <meta-data
204-->[com.google.firebase:firebase-common:20.4.2] AndroidManifest.xml:35:13-37:85
205                android:name="com.google.firebase.components:com.google.firebase.FirebaseCommonKtxRegistrar"
205-->[com.google.firebase:firebase-common:20.4.2] AndroidManifest.xml:36:17-109
206                android:value="com.google.firebase.components.ComponentRegistrar" />
206-->[com.google.firebase:firebase-common:20.4.2] AndroidManifest.xml:37:17-82
207        </service>
208
209        <provider
209-->[androidx.emoji2:emoji2:1.2.0] AndroidManifest.xml:24:9-32:20
210            android:name="androidx.startup.InitializationProvider"
210-->[androidx.emoji2:emoji2:1.2.0] AndroidManifest.xml:25:13-67
211            android:authorities="com.pacman.MentAlly.androidx-startup"
211-->[androidx.emoji2:emoji2:1.2.0] AndroidManifest.xml:26:13-68
212            android:exported="false" >
212-->[androidx.emoji2:emoji2:1.2.0] AndroidManifest.xml:27:13-37
213            <meta-data
213-->[androidx.emoji2:emoji2:1.2.0] AndroidManifest.xml:29:13-31:52
214                android:name="androidx.emoji2.text.EmojiCompatInitializer"
214-->[androidx.emoji2:emoji2:1.2.0] AndroidManifest.xml:30:17-75
215                android:value="androidx.startup" />
215-->[androidx.emoji2:emoji2:1.2.0] AndroidManifest.xml:31:17-49
216            <meta-data
216-->[androidx.lifecycle:lifecycle-process:2.6.1] AndroidManifest.xml:29:13-31:52
217                android:name="androidx.lifecycle.ProcessLifecycleInitializer"
217-->[androidx.lifecycle:lifecycle-process:2.6.1] AndroidManifest.xml:30:17-78
218                android:value="androidx.startup" />
218-->[androidx.lifecycle:lifecycle-process:2.6.1] AndroidManifest.xml:31:17-49
219            <meta-data
219-->[androidx.profileinstaller:profileinstaller:1.3.0] AndroidManifest.xml:29:13-31:52
220                android:name="androidx.profileinstaller.ProfileInstallerInitializer"
220-->[androidx.profileinstaller:profileinstaller:1.3.0] AndroidManifest.xml:30:17-85
221                android:value="androidx.startup" />
221-->[androidx.profileinstaller:profileinstaller:1.3.0] AndroidManifest.xml:31:17-49
222        </provider>
223
224        <activity
224-->[com.google.firebase:firebase-auth:22.3.1] AndroidManifest.xml:29:9-46:20
225            android:name="com.google.firebase.auth.internal.GenericIdpActivity"
225-->[com.google.firebase:firebase-auth:22.3.1] AndroidManifest.xml:30:13-80
226            android:excludeFromRecents="true"
226-->[com.google.firebase:firebase-auth:22.3.1] AndroidManifest.xml:31:13-46
227            android:exported="true"
227-->[com.google.firebase:firebase-auth:22.3.1] AndroidManifest.xml:32:13-36
228            android:launchMode="singleTask"
228-->[com.google.firebase:firebase-auth:22.3.1] AndroidManifest.xml:33:13-44
229            android:theme="@android:style/Theme.Translucent.NoTitleBar" >
229-->[com.google.firebase:firebase-auth:22.3.1] AndroidManifest.xml:34:13-72
230            <intent-filter>
230-->[com.google.firebase:firebase-auth:22.3.1] AndroidManifest.xml:35:13-45:29
231                <action android:name="android.intent.action.VIEW" />
231-->[com.firebaseui:firebase-ui-auth:3.0.0] AndroidManifest.xml:66:17-69
231-->[com.firebaseui:firebase-ui-auth:3.0.0] AndroidManifest.xml:66:25-66
232
233                <category android:name="android.intent.category.DEFAULT" />
233-->[com.firebaseui:firebase-ui-auth:3.0.0] AndroidManifest.xml:68:17-76
233-->[com.firebaseui:firebase-ui-auth:3.0.0] AndroidManifest.xml:68:27-73
234                <category android:name="android.intent.category.BROWSABLE" />
234-->[com.firebaseui:firebase-ui-auth:3.0.0] AndroidManifest.xml:69:17-78
234-->[com.firebaseui:firebase-ui-auth:3.0.0] AndroidManifest.xml:69:27-75
235
236                <data
236-->[com.firebaseui:firebase-ui-auth:3.0.0] AndroidManifest.xml:71:17-81
237                    android:host="firebase.auth"
238                    android:path="/"
239                    android:scheme="genericidp" />
239-->[com.firebaseui:firebase-ui-auth:3.0.0] AndroidManifest.xml:71:23-78
240            </intent-filter>
241        </activity>
242        <activity
242-->[com.google.firebase:firebase-auth:22.3.1] AndroidManifest.xml:47:9-64:20
243            android:name="com.google.firebase.auth.internal.RecaptchaActivity"
243-->[com.google.firebase:firebase-auth:22.3.1] AndroidManifest.xml:48:13-79
244            android:excludeFromRecents="true"
244-->[com.google.firebase:firebase-auth:22.3.1] AndroidManifest.xml:49:13-46
245            android:exported="true"
245-->[com.google.firebase:firebase-auth:22.3.1] AndroidManifest.xml:50:13-36
246            android:launchMode="singleTask"
246-->[com.google.firebase:firebase-auth:22.3.1] AndroidManifest.xml:51:13-44
247            android:theme="@android:style/Theme.Translucent.NoTitleBar" >
247-->[com.google.firebase:firebase-auth:22.3.1] AndroidManifest.xml:52:13-72
248            <intent-filter>
248-->[com.google.firebase:firebase-auth:22.3.1] AndroidManifest.xml:53:13-63:29
249                <action android:name="android.intent.action.VIEW" />
249-->[com.firebaseui:firebase-ui-auth:3.0.0] AndroidManifest.xml:66:17-69
249-->[com.firebaseui:firebase-ui-auth:3.0.0] AndroidManifest.xml:66:25-66
250
251                <category android:name="android.intent.category.DEFAULT" />
251-->[com.firebaseui:firebase-ui-auth:3.0.0] AndroidManifest.xml:68:17-76
251-->[com.firebaseui:firebase-ui-auth:3.0.0] AndroidManifest.xml:68:27-73
252                <category android:name="android.intent.category.BROWSABLE" />
252-->[com.firebaseui:firebase-ui-auth:3.0.0] AndroidManifest.xml:69:17-78
252-->[com.firebaseui:firebase-ui-auth:3.0.0] AndroidManifest.xml:69:27-75
253
254                <data
254-->[com.firebaseui:firebase-ui-auth:3.0.0] AndroidManifest.xml:71:17-81